<?xml version="1.0" encoding="UTF-8"?>
<!-- Generated by org.testng.reporters.JUnitXMLReporter -->
<testsuite ignored="0" hostname="DESKTOP-FEVO97P" failures="1" tests="10" name="Default test" time="0.082" errors="0" timestamp="2021-08-27T16:04:03 IST">
  <testcase classname="stringcalc.tcalc" name="allowline" time="0.009"/>
  <testcase classname="stringcalc.tcalc" name="empty" time="0.002"/>
  <testcase classname="stringcalc.tcalc" name="negativeexception" time="0.002"/>
  <testcase classname="stringcalc.tcalc" name="ng1000" time="0.002"/>
  <testcase classname="stringcalc.tcalc" name="nsep" time="0.002">
    <failure type="java.lang.StringIndexOutOfBoundsException" message="begin 2, end 0, length 10">
      <![CDATA[java.lang.StringIndexOutOfBoundsException: begin 2, end 0, length 10
at java.base/java.lang.String.checkBoundsBeginEnd(String.java:3751)
at java.base/java.lang.String.substring(String.java:1907)
at stringcalc.Calculator.getsubs(Calculator.java:56)
at stringcalc.Calculator.getsep(Calculator.java:45)
at stringcalc.Calculator.Add(Calculator.java:8)
at stringcalc.tcalc.nsep(tcalc.java:53)
at java.base/jdk.internal.reflect.NativeMethodAccessorImpl.invoke0(Native Method)
at java.base/jdk.internal.reflect.NativeMethodAccessorImpl.invoke(NativeMethodAccessorImpl.java:78)
at java.base/jdk.internal.reflect.DelegatingMethodAccessorImpl.invoke(DelegatingMethodAccessorImpl.java:43)
at java.base/java.lang.reflect.Method.invoke(Method.java:567)
at org.testng.internal.MethodInvocationHelper.invokeMethod(MethodInvocationHelper.java:133)
at org.testng.internal.TestInvoker.invokeMethod(TestInvoker.java:598)
at org.testng.internal.TestInvoker.invokeTestMethod(TestInvoker.java:173)
at org.testng.internal.MethodRunner.runInSequence(MethodRunner.java:46)
at org.testng.internal.TestInvoker$MethodInvocationAgent.invoke(TestInvoker.java:824)
at org.testng.internal.TestInvoker.invokeTestMethods(TestInvoker.java:146)
at org.testng.internal.TestMethodWorker.invokeTestMethods(TestMethodWorker.java:146)
at org.testng.internal.TestMethodWorker.run(TestMethodWorker.java:128)
at java.base/java.util.ArrayList.forEach(ArrayList.java:1511)
at org.testng.TestRunner.privateRun(TestRunner.java:794)
at org.testng.TestRunner.run(TestRunner.java:596)
at org.testng.SuiteRunner.runTest(SuiteRunner.java:377)
at org.testng.SuiteRunner.runSequentially(SuiteRunner.java:371)
at org.testng.SuiteRunner.privateRun(SuiteRunner.java:332)
at org.testng.SuiteRunner.run(SuiteRunner.java:276)
at org.testng.SuiteRunnerWorker.runSuite(SuiteRunnerWorker.java:53)
at org.testng.SuiteRunnerWorker.run(SuiteRunnerWorker.java:96)
at org.testng.TestNG.runSuitesSequentially(TestNG.java:1212)
at org.testng.TestNG.runSuitesLocally(TestNG.java:1134)
at org.testng.TestNG.runSuites(TestNG.java:1063)
at org.testng.TestNG.run(TestNG.java:1031)
at org.testng.remote.AbstractRemoteTestNG.run(AbstractRemoteTestNG.java:115)
at org.testng.remote.RemoteTestNG.initAndRun(RemoteTestNG.java:251)
at org.testng.remote.RemoteTestNG.main(RemoteTestNG.java:77)
]]>
    </failure>
  </testcase> <!-- nsep -->
  <testcase classname="stringcalc.tcalc" name="singleval" time="0.002"/>
  <testcase classname="stringcalc.tcalc" name="twonum" time="0.002"/>
  <testcase classname="stringcalc.tcalc" name="unnum" time="0.001"/>
  <testcase classname="stringcalc.tcalc" name="variablesep" time="0.001"/>
  <testcase classname="stringcalc.tcalc" name="varsep" time="0.001"/>
</testsuite> <!-- Default test -->
