<?xml version="1.0" encoding="UTF-8"?>
<testng-results ignored="0" total="9" passed="3" failed="6" skipped="0">
  <reporter-output>
  </reporter-output>
  <suite started-at="2021-08-27T14:41:05 IST" name="Default suite" finished-at="2021-08-27T14:41:05 IST" duration-ms="100">
    <groups>
    </groups>
    <test started-at="2021-08-27T14:41:05 IST" name="Default test" finished-at="2021-08-27T14:41:05 IST" duration-ms="100">
      <class name="stringcalc.tcalc">
        <test-method is-config="true" signature="init()[pri:0, instance:stringcalc.tcalc@460d0a57]" started-at="2021-08-27T14:41:05 IST" name="init" finished-at="2021-08-27T14:41:05 IST" duration-ms="8" status="PASS">
          <reporter-output>
          </reporter-output>
        </test-method> <!-- init -->
        <test-method signature="allowline()[pri:0, instance:stringcalc.tcalc@460d0a57]" started-at="2021-08-27T14:41:05 IST" name="allowline" finished-at="2021-08-27T14:41:05 IST" duration-ms="10" status="PASS">
          <reporter-output>
          </reporter-output>
        </test-method> <!-- allowline -->
        <test-method signature="anylensep()[pri:0, instance:stringcalc.tcalc@460d0a57]" started-at="2021-08-27T14:41:05 IST" name="anylensep" finished-at="2021-08-27T14:41:05 IST" duration-ms="2" status="FAIL">
          <exception class="java.lang.ArrayIndexOutOfBoundsException">
            <message>
              <![CDATA[Index 1 out of bounds for length 1]]>
            </message>
            <full-stacktrace>
              <![CDATA[java.lang.ArrayIndexOutOfBoundsException: Index 1 out of bounds for length 1
at stringcalc.Calculator.Add(Calculator.java:9)
at stringcalc.tcalc.anylensep(tcalc.java:49)
at java.base/jdk.internal.reflect.NativeMethodAccessorImpl.invoke0(Native Method)
at java.base/jdk.internal.reflect.NativeMethodAccessorImpl.invoke(NativeMethodAccessorImpl.java:78)
at java.base/jdk.internal.reflect.DelegatingMethodAccessorImpl.invoke(DelegatingMethodAccessorImpl.java:43)
at java.base/java.lang.reflect.Method.invoke(Method.java:567)
at org.testng.internal.MethodInvocationHelper.invokeMethod(MethodInvocationHelper.java:133)
at org.testng.internal.TestInvoker.invokeMethod(TestInvoker.java:598)
at org.testng.internal.TestInvoker.invokeTestMethod(TestInvoker.java:173)
at org.testng.internal.MethodRunner.runInSequence(MethodRunner.java:46)
at org.testng.internal.TestInvoker$MethodInvocationAgent.invoke(TestInvoker.java:824)
at org.testng.internal.TestInvoker.invokeTestMethods(TestInvoker.java:146)
at org.testng.internal.TestMethodWorker.invokeTestMethods(TestMethodWorker.java:146)
at org.testng.internal.TestMethodWorker.run(TestMethodWorker.java:128)
at java.base/java.util.ArrayList.forEach(ArrayList.java:1511)
at org.testng.TestRunner.privateRun(TestRunner.java:794)
at org.testng.TestRunner.run(TestRunner.java:596)
at org.testng.SuiteRunner.runTest(SuiteRunner.java:377)
at org.testng.SuiteRunner.runSequentially(SuiteRunner.java:371)
at org.testng.SuiteRunner.privateRun(SuiteRunner.java:332)
at org.testng.SuiteRunner.run(SuiteRunner.java:276)
at org.testng.SuiteRunnerWorker.runSuite(SuiteRunnerWorker.java:53)
at org.testng.SuiteRunnerWorker.run(SuiteRunnerWorker.java:96)
at org.testng.TestNG.runSuitesSequentially(TestNG.java:1212)
at org.testng.TestNG.runSuitesLocally(TestNG.java:1134)
at org.testng.TestNG.runSuites(TestNG.java:1063)
at org.testng.TestNG.run(TestNG.java:1031)
at org.testng.remote.AbstractRemoteTestNG.run(AbstractRemoteTestNG.java:115)
at org.testng.remote.RemoteTestNG.initAndRun(RemoteTestNG.java:251)
at org.testng.remote.RemoteTestNG.main(RemoteTestNG.java:77)
]]>
            </full-stacktrace>
          </exception> <!-- java.lang.ArrayIndexOutOfBoundsException -->
          <reporter-output>
          </reporter-output>
        </test-method> <!-- anylensep -->
        <test-method signature="empty()[pri:0, instance:stringcalc.tcalc@460d0a57]" started-at="2021-08-27T14:41:05 IST" name="empty" finished-at="2021-08-27T14:41:05 IST" duration-ms="3" status="FAIL">
          <exception class="java.util.regex.PatternSyntaxException">
            <message>
              <![CDATA[Unclosed character class near index 0
[
^]]>
            </message>
            <full-stacktrace>
              <![CDATA[java.util.regex.PatternSyntaxException: Unclosed character class near index 0
[
^
at java.base/java.util.regex.Pattern.error(Pattern.java:2028)
at java.base/java.util.regex.Pattern.clazz(Pattern.java:2697)
at java.base/java.util.regex.Pattern.sequence(Pattern.java:2139)
at java.base/java.util.regex.Pattern.expr(Pattern.java:2069)
at java.base/java.util.regex.Pattern.compile(Pattern.java:1783)
at java.base/java.util.regex.Pattern.<init>(Pattern.java:1430)
at java.base/java.util.regex.Pattern.compile(Pattern.java:1069)
at java.base/java.lang.String.split(String.java:2353)
at java.base/java.lang.String.split(String.java:2399)
at stringcalc.Calculator.Add(Calculator.java:11)
at stringcalc.tcalc.empty(tcalc.java:16)
at java.base/jdk.internal.reflect.NativeMethodAccessorImpl.invoke0(Native Method)
at java.base/jdk.internal.reflect.NativeMethodAccessorImpl.invoke(NativeMethodAccessorImpl.java:78)
at java.base/jdk.internal.reflect.DelegatingMethodAccessorImpl.invoke(DelegatingMethodAccessorImpl.java:43)
at java.base/java.lang.reflect.Method.invoke(Method.java:567)
at org.testng.internal.MethodInvocationHelper.invokeMethod(MethodInvocationHelper.java:133)
at org.testng.internal.TestInvoker.invokeMethod(TestInvoker.java:598)
at org.testng.internal.TestInvoker.invokeTestMethod(TestInvoker.java:173)
at org.testng.internal.MethodRunner.runInSequence(MethodRunner.java:46)
at org.testng.internal.TestInvoker$MethodInvocationAgent.invoke(TestInvoker.java:824)
at org.testng.internal.TestInvoker.invokeTestMethods(TestInvoker.java:146)
at org.testng.internal.TestMethodWorker.invokeTestMethods(TestMethodWorker.java:146)
at org.testng.internal.TestMethodWorker.run(TestMethodWorker.java:128)
at java.base/java.util.ArrayList.forEach(ArrayList.java:1511)
at org.testng.TestRunner.privateRun(TestRunner.java:794)
at org.testng.TestRunner.run(TestRunner.java:596)
at org.testng.SuiteRunner.runTest(SuiteRunner.java:377)
at org.testng.SuiteRunner.runSequentially(SuiteRunner.java:371)
at org.testng.SuiteRunner.privateRun(SuiteRunner.java:332)
at org.testng.SuiteRunner.run(SuiteRunner.java:276)
at org.testng.SuiteRunnerWorker.runSuite(SuiteRunnerWorker.java:53)
at org.testng.SuiteRunnerWorker.run(SuiteRunnerWorker.java:96)
at org.testng.TestNG.runSuitesSequentially(TestNG.java:1212)
at org.testng.TestNG.runSuitesLocally(TestNG.java:1134)
at org.testng.TestNG.runSuites(TestNG.java:1063)
at org.testng.TestNG.run(TestNG.java:1031)
at org.testng.remote.AbstractRemoteTestNG.run(AbstractRemoteTestNG.java:115)
at org.testng.remote.RemoteTestNG.initAndRun(RemoteTestNG.java:251)
at org.testng.remote.RemoteTestNG.main(RemoteTestNG.java:77)
]]>
            </full-stacktrace>
          </exception> <!-- java.util.regex.PatternSyntaxException -->
          <reporter-output>
          </reporter-output>
        </test-method> <!-- empty -->
        <test-method signature="negativeexception()[pri:0, instance:stringcalc.tcalc@460d0a57]" started-at="2021-08-27T14:41:05 IST" name="negativeexception" finished-at="2021-08-27T14:41:05 IST" duration-ms="2" status="PASS">
          <exception class="java.util.regex.PatternSyntaxException">
            <message>
              <![CDATA[Unclosed character class near index 0
[
^]]>
            </message>
            <full-stacktrace>
              <![CDATA[java.util.regex.PatternSyntaxException: Unclosed character class near index 0
[
^
at java.base/java.util.regex.Pattern.error(Pattern.java:2028)
at java.base/java.util.regex.Pattern.clazz(Pattern.java:2697)
at java.base/java.util.regex.Pattern.sequence(Pattern.java:2139)
at java.base/java.util.regex.Pattern.expr(Pattern.java:2069)
at java.base/java.util.regex.Pattern.compile(Pattern.java:1783)
at java.base/java.util.regex.Pattern.<init>(Pattern.java:1430)
at java.base/java.util.regex.Pattern.compile(Pattern.java:1069)
at java.base/java.lang.String.split(String.java:2353)
at java.base/java.lang.String.split(String.java:2399)
at stringcalc.Calculator.Add(Calculator.java:11)
at stringcalc.tcalc.negativeexception(tcalc.java:41)
at java.base/jdk.internal.reflect.NativeMethodAccessorImpl.invoke0(Native Method)
at java.base/jdk.internal.reflect.NativeMethodAccessorImpl.invoke(NativeMethodAccessorImpl.java:78)
at java.base/jdk.internal.reflect.DelegatingMethodAccessorImpl.invoke(DelegatingMethodAccessorImpl.java:43)
at java.base/java.lang.reflect.Method.invoke(Method.java:567)
at org.testng.internal.MethodInvocationHelper.invokeMethod(MethodInvocationHelper.java:133)
at org.testng.internal.TestInvoker.invokeMethod(TestInvoker.java:598)
at org.testng.internal.TestInvoker.invokeTestMethod(TestInvoker.java:173)
at org.testng.internal.MethodRunner.runInSequence(MethodRunner.java:46)
at org.testng.internal.TestInvoker$MethodInvocationAgent.invoke(TestInvoker.java:824)
at org.testng.internal.TestInvoker.invokeTestMethods(TestInvoker.java:146)
at org.testng.internal.TestMethodWorker.invokeTestMethods(TestMethodWorker.java:146)
at org.testng.internal.TestMethodWorker.run(TestMethodWorker.java:128)
at java.base/java.util.ArrayList.forEach(ArrayList.java:1511)
at org.testng.TestRunner.privateRun(TestRunner.java:794)
at org.testng.TestRunner.run(TestRunner.java:596)
at org.testng.SuiteRunner.runTest(SuiteRunner.java:377)
at org.testng.SuiteRunner.runSequentially(SuiteRunner.java:371)
at org.testng.SuiteRunner.privateRun(SuiteRunner.java:332)
at org.testng.SuiteRunner.run(SuiteRunner.java:276)
at org.testng.SuiteRunnerWorker.runSuite(SuiteRunnerWorker.java:53)
at org.testng.SuiteRunnerWorker.run(SuiteRunnerWorker.java:96)
at org.testng.TestNG.runSuitesSequentially(TestNG.java:1212)
at org.testng.TestNG.runSuitesLocally(TestNG.java:1134)
at org.testng.TestNG.runSuites(TestNG.java:1063)
at org.testng.TestNG.run(TestNG.java:1031)
at org.testng.remote.AbstractRemoteTestNG.run(AbstractRemoteTestNG.java:115)
at org.testng.remote.RemoteTestNG.initAndRun(RemoteTestNG.java:251)
at org.testng.remote.RemoteTestNG.main(RemoteTestNG.java:77)
]]>
            </full-stacktrace>
          </exception> <!-- java.util.regex.PatternSyntaxException -->
          <reporter-output>
          </reporter-output>
        </test-method> <!-- negativeexception -->
        <test-method signature="ng1000()[pri:0, instance:stringcalc.tcalc@460d0a57]" started-at="2021-08-27T14:41:05 IST" name="ng1000" finished-at="2021-08-27T14:41:05 IST" duration-ms="2" status="FAIL">
          <exception class="java.util.regex.PatternSyntaxException">
            <message>
              <![CDATA[Unclosed character class near index 0
[
^]]>
            </message>
            <full-stacktrace>
              <![CDATA[java.util.regex.PatternSyntaxException: Unclosed character class near index 0
[
^
at java.base/java.util.regex.Pattern.error(Pattern.java:2028)
at java.base/java.util.regex.Pattern.clazz(Pattern.java:2697)
at java.base/java.util.regex.Pattern.sequence(Pattern.java:2139)
at java.base/java.util.regex.Pattern.expr(Pattern.java:2069)
at java.base/java.util.regex.Pattern.compile(Pattern.java:1783)
at java.base/java.util.regex.Pattern.<init>(Pattern.java:1430)
at java.base/java.util.regex.Pattern.compile(Pattern.java:1069)
at java.base/java.lang.String.split(String.java:2353)
at java.base/java.lang.String.split(String.java:2399)
at stringcalc.Calculator.Add(Calculator.java:11)
at stringcalc.tcalc.ng1000(tcalc.java:45)
at java.base/jdk.internal.reflect.NativeMethodAccessorImpl.invoke0(Native Method)
at java.base/jdk.internal.reflect.NativeMethodAccessorImpl.invoke(NativeMethodAccessorImpl.java:78)
at java.base/jdk.internal.reflect.DelegatingMethodAccessorImpl.invoke(DelegatingMethodAccessorImpl.java:43)
at java.base/java.lang.reflect.Method.invoke(Method.java:567)
at org.testng.internal.MethodInvocationHelper.invokeMethod(MethodInvocationHelper.java:133)
at org.testng.internal.TestInvoker.invokeMethod(TestInvoker.java:598)
at org.testng.internal.TestInvoker.invokeTestMethod(TestInvoker.java:173)
at org.testng.internal.MethodRunner.runInSequence(MethodRunner.java:46)
at org.testng.internal.TestInvoker$MethodInvocationAgent.invoke(TestInvoker.java:824)
at org.testng.internal.TestInvoker.invokeTestMethods(TestInvoker.java:146)
at org.testng.internal.TestMethodWorker.invokeTestMethods(TestMethodWorker.java:146)
at org.testng.internal.TestMethodWorker.run(TestMethodWorker.java:128)
at java.base/java.util.ArrayList.forEach(ArrayList.java:1511)
at org.testng.TestRunner.privateRun(TestRunner.java:794)
at org.testng.TestRunner.run(TestRunner.java:596)
at org.testng.SuiteRunner.runTest(SuiteRunner.java:377)
at org.testng.SuiteRunner.runSequentially(SuiteRunner.java:371)
at org.testng.SuiteRunner.privateRun(SuiteRunner.java:332)
at org.testng.SuiteRunner.run(SuiteRunner.java:276)
at org.testng.SuiteRunnerWorker.runSuite(SuiteRunnerWorker.java:53)
at org.testng.SuiteRunnerWorker.run(SuiteRunnerWorker.java:96)
at org.testng.TestNG.runSuitesSequentially(TestNG.java:1212)
at org.testng.TestNG.runSuitesLocally(TestNG.java:1134)
at org.testng.TestNG.runSuites(TestNG.java:1063)
at org.testng.TestNG.run(TestNG.java:1031)
at org.testng.remote.AbstractRemoteTestNG.run(AbstractRemoteTestNG.java:115)
at org.testng.remote.RemoteTestNG.initAndRun(RemoteTestNG.java:251)
at org.testng.remote.RemoteTestNG.main(RemoteTestNG.java:77)
]]>
            </full-stacktrace>
          </exception> <!-- java.util.regex.PatternSyntaxException -->
          <reporter-output>
          </reporter-output>
        </test-method> <!-- ng1000 -->
        <test-method signature="singleval()[pri:0, instance:stringcalc.tcalc@460d0a57]" started-at="2021-08-27T14:41:05 IST" name="singleval" finished-at="2021-08-27T14:41:05 IST" duration-ms="2" status="FAIL">
          <exception class="java.util.regex.PatternSyntaxException">
            <message>
              <![CDATA[Unclosed character class near index 0
[
^]]>
            </message>
            <full-stacktrace>
              <![CDATA[java.util.regex.PatternSyntaxException: Unclosed character class near index 0
[
^
at java.base/java.util.regex.Pattern.error(Pattern.java:2028)
at java.base/java.util.regex.Pattern.clazz(Pattern.java:2697)
at java.base/java.util.regex.Pattern.sequence(Pattern.java:2139)
at java.base/java.util.regex.Pattern.expr(Pattern.java:2069)
at java.base/java.util.regex.Pattern.compile(Pattern.java:1783)
at java.base/java.util.regex.Pattern.<init>(Pattern.java:1430)
at java.base/java.util.regex.Pattern.compile(Pattern.java:1069)
at java.base/java.lang.String.split(String.java:2353)
at java.base/java.lang.String.split(String.java:2399)
at stringcalc.Calculator.Add(Calculator.java:11)
at stringcalc.tcalc.singleval(tcalc.java:20)
at java.base/jdk.internal.reflect.NativeMethodAccessorImpl.invoke0(Native Method)
at java.base/jdk.internal.reflect.NativeMethodAccessorImpl.invoke(NativeMethodAccessorImpl.java:78)
at java.base/jdk.internal.reflect.DelegatingMethodAccessorImpl.invoke(DelegatingMethodAccessorImpl.java:43)
at java.base/java.lang.reflect.Method.invoke(Method.java:567)
at org.testng.internal.MethodInvocationHelper.invokeMethod(MethodInvocationHelper.java:133)
at org.testng.internal.TestInvoker.invokeMethod(TestInvoker.java:598)
at org.testng.internal.TestInvoker.invokeTestMethod(TestInvoker.java:173)
at org.testng.internal.MethodRunner.runInSequence(MethodRunner.java:46)
at org.testng.internal.TestInvoker$MethodInvocationAgent.invoke(TestInvoker.java:824)
at org.testng.internal.TestInvoker.invokeTestMethods(TestInvoker.java:146)
at org.testng.internal.TestMethodWorker.invokeTestMethods(TestMethodWorker.java:146)
at org.testng.internal.TestMethodWorker.run(TestMethodWorker.java:128)
at java.base/java.util.ArrayList.forEach(ArrayList.java:1511)
at org.testng.TestRunner.privateRun(TestRunner.java:794)
at org.testng.TestRunner.run(TestRunner.java:596)
at org.testng.SuiteRunner.runTest(SuiteRunner.java:377)
at org.testng.SuiteRunner.runSequentially(SuiteRunner.java:371)
at org.testng.SuiteRunner.privateRun(SuiteRunner.java:332)
at org.testng.SuiteRunner.run(SuiteRunner.java:276)
at org.testng.SuiteRunnerWorker.runSuite(SuiteRunnerWorker.java:53)
at org.testng.SuiteRunnerWorker.run(SuiteRunnerWorker.java:96)
at org.testng.TestNG.runSuitesSequentially(TestNG.java:1212)
at org.testng.TestNG.runSuitesLocally(TestNG.java:1134)
at org.testng.TestNG.runSuites(TestNG.java:1063)
at org.testng.TestNG.run(TestNG.java:1031)
at org.testng.remote.AbstractRemoteTestNG.run(AbstractRemoteTestNG.java:115)
at org.testng.remote.RemoteTestNG.initAndRun(RemoteTestNG.java:251)
at org.testng.remote.RemoteTestNG.main(RemoteTestNG.java:77)
]]>
            </full-stacktrace>
          </exception> <!-- java.util.regex.PatternSyntaxException -->
          <reporter-output>
          </reporter-output>
        </test-method> <!-- singleval -->
        <test-method signature="twonum()[pri:0, instance:stringcalc.tcalc@460d0a57]" started-at="2021-08-27T14:41:05 IST" name="twonum" finished-at="2021-08-27T14:41:05 IST" duration-ms="2" status="FAIL">
          <exception class="java.util.regex.PatternSyntaxException">
            <message>
              <![CDATA[Unclosed character class near index 0
[
^]]>
            </message>
            <full-stacktrace>
              <![CDATA[java.util.regex.PatternSyntaxException: Unclosed character class near index 0
[
^
at java.base/java.util.regex.Pattern.error(Pattern.java:2028)
at java.base/java.util.regex.Pattern.clazz(Pattern.java:2697)
at java.base/java.util.regex.Pattern.sequence(Pattern.java:2139)
at java.base/java.util.regex.Pattern.expr(Pattern.java:2069)
at java.base/java.util.regex.Pattern.compile(Pattern.java:1783)
at java.base/java.util.regex.Pattern.<init>(Pattern.java:1430)
at java.base/java.util.regex.Pattern.compile(Pattern.java:1069)
at java.base/java.lang.String.split(String.java:2353)
at java.base/java.lang.String.split(String.java:2399)
at stringcalc.Calculator.Add(Calculator.java:11)
at stringcalc.tcalc.twonum(tcalc.java:24)
at java.base/jdk.internal.reflect.NativeMethodAccessorImpl.invoke0(Native Method)
at java.base/jdk.internal.reflect.NativeMethodAccessorImpl.invoke(NativeMethodAccessorImpl.java:78)
at java.base/jdk.internal.reflect.DelegatingMethodAccessorImpl.invoke(DelegatingMethodAccessorImpl.java:43)
at java.base/java.lang.reflect.Method.invoke(Method.java:567)
at org.testng.internal.MethodInvocationHelper.invokeMethod(MethodInvocationHelper.java:133)
at org.testng.internal.TestInvoker.invokeMethod(TestInvoker.java:598)
at org.testng.internal.TestInvoker.invokeTestMethod(TestInvoker.java:173)
at org.testng.internal.MethodRunner.runInSequence(MethodRunner.java:46)
at org.testng.internal.TestInvoker$MethodInvocationAgent.invoke(TestInvoker.java:824)
at org.testng.internal.TestInvoker.invokeTestMethods(TestInvoker.java:146)
at org.testng.internal.TestMethodWorker.invokeTestMethods(TestMethodWorker.java:146)
at org.testng.internal.TestMethodWorker.run(TestMethodWorker.java:128)
at java.base/java.util.ArrayList.forEach(ArrayList.java:1511)
at org.testng.TestRunner.privateRun(TestRunner.java:794)
at org.testng.TestRunner.run(TestRunner.java:596)
at org.testng.SuiteRunner.runTest(SuiteRunner.java:377)
at org.testng.SuiteRunner.runSequentially(SuiteRunner.java:371)
at org.testng.SuiteRunner.privateRun(SuiteRunner.java:332)
at org.testng.SuiteRunner.run(SuiteRunner.java:276)
at org.testng.SuiteRunnerWorker.runSuite(SuiteRunnerWorker.java:53)
at org.testng.SuiteRunnerWorker.run(SuiteRunnerWorker.java:96)
at org.testng.TestNG.runSuitesSequentially(TestNG.java:1212)
at org.testng.TestNG.runSuitesLocally(TestNG.java:1134)
at org.testng.TestNG.runSuites(TestNG.java:1063)
at org.testng.TestNG.run(TestNG.java:1031)
at org.testng.remote.AbstractRemoteTestNG.run(AbstractRemoteTestNG.java:115)
at org.testng.remote.RemoteTestNG.initAndRun(RemoteTestNG.java:251)
at org.testng.remote.RemoteTestNG.main(RemoteTestNG.java:77)
]]>
            </full-stacktrace>
          </exception> <!-- java.util.regex.PatternSyntaxException -->
          <reporter-output>
          </reporter-output>
        </test-method> <!-- twonum -->
        <test-method signature="unnum()[pri:0, instance:stringcalc.tcalc@460d0a57]" started-at="2021-08-27T14:41:05 IST" name="unnum" finished-at="2021-08-27T14:41:05 IST" duration-ms="1" status="FAIL">
          <exception class="java.util.regex.PatternSyntaxException">
            <message>
              <![CDATA[Unclosed character class near index 0
[
^]]>
            </message>
            <full-stacktrace>
              <![CDATA[java.util.regex.PatternSyntaxException: Unclosed character class near index 0
[
^
at java.base/java.util.regex.Pattern.error(Pattern.java:2028)
at java.base/java.util.regex.Pattern.clazz(Pattern.java:2697)
at java.base/java.util.regex.Pattern.sequence(Pattern.java:2139)
at java.base/java.util.regex.Pattern.expr(Pattern.java:2069)
at java.base/java.util.regex.Pattern.compile(Pattern.java:1783)
at java.base/java.util.regex.Pattern.<init>(Pattern.java:1430)
at java.base/java.util.regex.Pattern.compile(Pattern.java:1069)
at java.base/java.lang.String.split(String.java:2353)
at java.base/java.lang.String.split(String.java:2399)
at stringcalc.Calculator.Add(Calculator.java:11)
at stringcalc.tcalc.unnum(tcalc.java:28)
at java.base/jdk.internal.reflect.NativeMethodAccessorImpl.invoke0(Native Method)
at java.base/jdk.internal.reflect.NativeMethodAccessorImpl.invoke(NativeMethodAccessorImpl.java:78)
at java.base/jdk.internal.reflect.DelegatingMethodAccessorImpl.invoke(DelegatingMethodAccessorImpl.java:43)
at java.base/java.lang.reflect.Method.invoke(Method.java:567)
at org.testng.internal.MethodInvocationHelper.invokeMethod(MethodInvocationHelper.java:133)
at org.testng.internal.TestInvoker.invokeMethod(TestInvoker.java:598)
at org.testng.internal.TestInvoker.invokeTestMethod(TestInvoker.java:173)
at org.testng.internal.MethodRunner.runInSequence(MethodRunner.java:46)
at org.testng.internal.TestInvoker$MethodInvocationAgent.invoke(TestInvoker.java:824)
at org.testng.internal.TestInvoker.invokeTestMethods(TestInvoker.java:146)
at org.testng.internal.TestMethodWorker.invokeTestMethods(TestMethodWorker.java:146)
at org.testng.internal.TestMethodWorker.run(TestMethodWorker.java:128)
at java.base/java.util.ArrayList.forEach(ArrayList.java:1511)
at org.testng.TestRunner.privateRun(TestRunner.java:794)
at org.testng.TestRunner.run(TestRunner.java:596)
at org.testng.SuiteRunner.runTest(SuiteRunner.java:377)
at org.testng.SuiteRunner.runSequentially(SuiteRunner.java:371)
at org.testng.SuiteRunner.privateRun(SuiteRunner.java:332)
at org.testng.SuiteRunner.run(SuiteRunner.java:276)
at org.testng.SuiteRunnerWorker.runSuite(SuiteRunnerWorker.java:53)
at org.testng.SuiteRunnerWorker.run(SuiteRunnerWorker.java:96)
at org.testng.TestNG.runSuitesSequentially(TestNG.java:1212)
at org.testng.TestNG.runSuitesLocally(TestNG.java:1134)
at org.testng.TestNG.runSuites(TestNG.java:1063)
at org.testng.TestNG.run(TestNG.java:1031)
at org.testng.remote.AbstractRemoteTestNG.run(AbstractRemoteTestNG.java:115)
at org.testng.remote.RemoteTestNG.initAndRun(RemoteTestNG.java:251)
at org.testng.remote.RemoteTestNG.main(RemoteTestNG.java:77)
]]>
            </full-stacktrace>
          </exception> <!-- java.util.regex.PatternSyntaxException -->
          <reporter-output>
          </reporter-output>
        </test-method> <!-- unnum -->
        <test-method signature="variablesep()[pri:0, instance:stringcalc.tcalc@460d0a57]" started-at="2021-08-27T14:41:05 IST" name="variablesep" finished-at="2021-08-27T14:41:05 IST" duration-ms="1" status="PASS">
          <reporter-output>
          </reporter-output>
        </test-method> <!-- variablesep -->
      </class> <!-- stringcalc.tcalc -->
    </test> <!-- Default test -->
  </suite> <!-- Default suite -->
</testng-results>
